[12:17:04.778 Verbose] - BuildManager - C:\Users\tioleson\source\repos\XUnitDotNetHandsOn\xUnit.netHandsOn\GameEngine.Test\PlayerCharacterShould.cs(18,20): error CS0266: Cannot implicitly convert type 'GameEngine.PlayerCharacter' to 'GameEngine.IPlayerCharacter'. An explicit conversion exists (are you missing a cast?)
[12:17:04.785 Verbose] - BuildManager - Some of the file paths defined in the csproj under the Live Unit Testing build path are missing. Verify whether these files should be present under the Live Unit Testing build path and if necessary update the csproj definition to look these files up in a different place.
[12:17:04.785 Verbose] - BuildManager - Item _OutputPathItem 'C:\Users\tioleson\source\repos\XUnitDotNetHandsOn\xUnit.netHandsOn\.vs\Game\v16\lut\0\b\GameEngine.Test\Debug\netcoreapp3.1\' evaluated via:
_OutputPathItem: '$(OutDir)' @ C:\Program Files (x86)\Microsoft Visual Studio\2019\Enterprise\MSBuild\Current\Bin\Microsoft.Common.CurrentVersion.targets:272
  OutDir: '$(OutputPath)' @ C:\Program Files (x86)\Microsoft Visual Studio\2019\Enterprise\MSBuild\Current\Bin\Microsoft.Common.CurrentVersion.targets:193
    OutputPath: '$(OutputPath)$(TargetFramework.ToLowerInvariant())\' @ C:\Program Files\dotnet\sdk\3.1.302\Sdks\Microsoft.NET.Sdk\targets\Microsoft.NET.TargetFrameworkInference.targets:186
      OutputPath: '$(BaseOutputPath)$(Configuration)\' @ C:\Program Files\dotnet\sdk\3.1.302\Sdks\Microsoft.NET.Sdk\targets\Microsoft.NET.DefaultOutputPaths.targets:33
        BaseOutputPath: 'C:\Users\tioleson\source\repos\XUnitDotNetHandsOn\xUnit.netHandsOn\.vs\Game\v16\lut\0\b\GameEngine.Test\' @ C:\Users\tioleson\source\repos\XUnitDotNetHandsOn\xUnit.netHandsOn\GameEngine.Test\GameEngine.Test.csproj:0
        Configuration: 'Debug'
[12:17:04.786 Verbose] - BuildManager - Item AppConfigFileDestination 'C:\Users\tioleson\source\repos\XUnitDotNetHandsOn\xUnit.netHandsOn\.vs\Game\v16\lut\0\b\GameEngine.Test\Debug\netcoreapp3.1\GameEngine.Test.dll.config' evaluated via:
AppConfigFileDestination: '$(OutDir)$(TargetFileName).config' @ C:\Program Files (x86)\Microsoft Visual Studio\2019\Enterprise\MSBuild\Current\Bin\Microsoft.Common.CurrentVersion.targets:303
  OutDir: '$(OutputPath)' @ C:\Program Files (x86)\Microsoft Visual Studio\2019\Enterprise\MSBuild\Current\Bin\Microsoft.Common.CurrentVersion.targets:193
    OutputPath: '$(OutputPath)$(TargetFramework.ToLowerInvariant())\' @ C:\Program Files\dotnet\sdk\3.1.302\Sdks\Microsoft.NET.Sdk\targets\Microsoft.NET.TargetFrameworkInference.targets:186
      OutputPath: '$(BaseOutputPath)$(Configuration)\' @ C:\Program Files\dotnet\sdk\3.1.302\Sdks\Microsoft.NET.Sdk\targets\Microsoft.NET.DefaultOutputPaths.targets:33
        BaseOutputPath: 'C:\Users\tioleson\source\repos\XUnitDotNetHandsOn\xUnit.netHandsOn\.vs\Game\v16\lut\0\b\GameEngine.Test\' @ C:\Users\tioleson\source\repos\XUnitDotNetHandsOn\xUnit.netHandsOn\GameEngine.Test\GameEngine.Test.csproj:0
        Configuration: 'Debug'
  TargetFileName: '$(TargetName)$(TargetExt)' @ C:\Program Files (x86)\Microsoft Visual Studio\2019\Enterprise\MSBuild\Current\Bin\Microsoft.Common.CurrentVersion.targets:212
    TargetName: '$(AssemblyName)' @ C:\Program Files (x86)\Microsoft Visual Studio\2019\Enterprise\MSBuild\Current\Bin\Microsoft.Common.CurrentVersion.targets:204
      AssemblyName: '$(MSBuildProjectName)' @ C:\Program Files\dotnet\sdk\3.1.302\Sdks\Microsoft.NET.Sdk\targets\Microsoft.NET.Sdk.props:32
        MSBuildProjectName: 'GameEngine.Test'
    TargetExt: '.dll' @ C:\Program Files\dotnet\sdk\3.1.302\Sdks\Microsoft.NET.Sdk\targets\Microsoft.NET.Sdk.BeforeCommon.targets:82
[12:17:04.786 Verbose] - BuildManager - Item _DebugSymbolsOutputPath 'C:\Users\tioleson\source\repos\XUnitDotNetHandsOn\xUnit.netHandsOn\.vs\Game\v16\lut\0\b\GameEngine.Test\Debug\netcoreapp3.1\GameEngine.Test.pdb' evaluated via:
_DebugSymbolsOutputPath: '@(_DebugSymbolsIntermediatePath->'$(OutDir)%(Filename)%(Extension)')' @ C:\Program Files (x86)\Microsoft Visual Studio\2019\Enterprise\MSBuild\Current\Bin\Microsoft.Common.CurrentVersion.targets:372
  OutDir: '$(OutputPath)' @ C:\Program Files (x86)\Microsoft Visual Studio\2019\Enterprise\MSBuild\Current\Bin\Microsoft.Common.CurrentVersion.targets:193
    OutputPath: '$(OutputPath)$(TargetFramework.ToLowerInvariant())\' @ C:\Program Files\dotnet\sdk\3.1.302\Sdks\Microsoft.NET.Sdk\targets\Microsoft.NET.TargetFrameworkInference.targets:186
      OutputPath: '$(BaseOutputPath)$(Configuration)\' @ C:\Program Files\dotnet\sdk\3.1.302\Sdks\Microsoft.NET.Sdk\targets\Microsoft.NET.DefaultOutputPaths.targets:33
        BaseOutputPath: 'C:\Users\tioleson\source\repos\XUnitDotNetHandsOn\xUnit.netHandsOn\.vs\Game\v16\lut\0\b\GameEngine.Test\' @ C:\Users\tioleson\source\repos\XUnitDotNetHandsOn\xUnit.netHandsOn\GameEngine.Test\GameEngine.Test.csproj:0
        Configuration: 'Debug'
[12:17:04.786 Verbose] - BuildManager - Item _ApplicationManifestFinal 'C:\Users\tioleson\source\repos\XUnitDotNetHandsOn\xUnit.netHandsOn\.vs\Game\v16\lut\0\b\GameEngine.Test\Debug\netcoreapp3.1\Native.GameEngine.Test.manifest' evaluated via:
_ApplicationManifestFinal: '$(OutDir)$(_DeploymentTargetApplicationManifestFileName)' @ C:\Program Files (x86)\Microsoft Visual Studio\2019\Enterprise\MSBuild\Current\Bin\Microsoft.Common.CurrentVersion.targets:410
  OutDir: '$(OutputPath)' @ C:\Program Files (x86)\Microsoft Visual Studio\2019\Enterprise\MSBuild\Current\Bin\Microsoft.Common.CurrentVersion.targets:193
    OutputPath: '$(OutputPath)$(TargetFramework.ToLowerInvariant())\' @ C:\Program Files\dotnet\sdk\3.1.302\Sdks\Microsoft.NET.Sdk\targets\Microsoft.NET.TargetFrameworkInference.targets:186
      OutputPath: '$(BaseOutputPath)$(Configuration)\' @ C:\Program Files\dotnet\sdk\3.1.302\Sdks\Microsoft.NET.Sdk\targets\Microsoft.NET.DefaultOutputPaths.targets:33
        BaseOutputPath: 'C:\Users\tioleson\source\repos\XUnitDotNetHandsOn\xUnit.netHandsOn\.vs\Game\v16\lut\0\b\GameEngine.Test\' @ C:\Users\tioleson\source\repos\XUnitDotNetHandsOn\xUnit.netHandsOn\GameEngine.Test\GameEngine.Test.csproj:0
        Configuration: 'Debug'
  _DeploymentTargetApplicationManifestFileName: 'Native.$(AssemblyName).manifest' @ C:\Program Files (x86)\Microsoft Visual Studio\2019\Enterprise\MSBuild\Current\Bin\Microsoft.Common.CurrentVersion.targets:228
    AssemblyName: '$(MSBuildProjectName)' @ C:\Program Files\dotnet\sdk\3.1.302\Sdks\Microsoft.NET.Sdk\targets\Microsoft.NET.Sdk.props:32
      MSBuildProjectName: 'GameEngine.Test'
